[www.macydyet.com/index.html]
[backblue.gif]
[fade.gif]
[index.html]
[images.squarespace-cdn.com/content/65b8934abc2f332b3c970c65/02626fed-175d-427c-8761-0f91a8f7c9e3/Screenshot+2024-01-30+at+9.22.31+PM2acd.png]
[assets.squarespace.com/@sqs/polyfiller/1.6/legacy.js]
[use.typekit.net/ik/EKCg7m6Yj51-_qV2fVcq1URoRbu6rtwtAviHMiyHi6wfe7JgfFHN4UJLFRbh52jhWDjujR6owDsyjcwkZRwDwcJDjDqawewhFsGMJy4y-asTiKu1ScNXZWFnOWsG-AtKBcBnie8hOAikdas8ShClZWyXZAoqZAb7f6ReobIbMg6fJMJ7f6RYobIbMg6wJMJ7f6Ki]
[assets.squarespace.com/universal/scripts-compressed/extract-css-runtime-09fb317cf116045b-min.en-US.js]
[assets.squarespace.com/universal/scripts-compressed/cldr-resource-pack-22ed584d99d9b83d-min.en-US.js]
[assets.squarespace.com/@sqs/polyfiller/1.6/modern.js]
[assets.squarespace.com/universal/scripts-compressed/extract-css-moment-js-vendor-6f2a1f6ec9a41489-min.en-US.js]
[assets.squarespace.com/universal/scripts-compressed/performance-9e9becad3f889213-min.en-US.js]
[static1.squarespace.com/static/versioned-site-css/65b8934abc2f332b3c970c65/24/5c5a519771c10ba3470d8101/65b8934abc2f332b3c970c6c/1711/site.css]
[static1.squarespace.com/static/vta/5c5a519771c10ba3470d8101/versioned-assets/1765218803633-WH5J0Q4OSYVTLIRSITIO/static.css]
[assets.squarespace.com/universal/scripts-compressed/common-vendors-stable-fbd854d40b0804b7-min.en-US.js]
[images.squarespace-cdn.com/content/v1/65b8934abc2f332b3c970c65/02626fed-175d-427c-8761-0f91a8f7c9e3/Screenshot+2024-01-30+at+9.22.31+PM26f7.png]
[www.macydyet.com/cart.html]
[www.macydyet.com/about.html]
[images.squarespace-cdn.com/content/v1/65b8934abc2f332b3c970c65/6230d4f8-be4f-4483-87a1-8a5a30a7c745/Landingpage_carousel-1.gif]
[images.squarespace-cdn.com/content/v1/65b8934abc2f332b3c970c65/71f94639-106a-46e6-a114-904f76afb263/Bon+vivant+thumbnail.jpg]
[assets.squarespace.com/universal/scripts-compressed/common-vendors-1bbb91f42bf835f6-min.en-US.js]
[www.macydyet.com/portfolio/bon-vivant.html]
[images.squarespace-cdn.com/content/v1/65b8934abc2f332b3c970c65/0327118f-6786-4d7a-94fb-7ac15e2f0141/Free_Book_Mockup_4.png]
[assets.squarespace.com/universal/scripts-compressed/common-8b2dcb964e04339b-min.en-US.js]
[www.macydyet.com/portfolio/the-breakdown-diary.html]
[images.squarespace-cdn.com/content/v1/65b8934abc2f332b3c970c65/82831c81-cd4a-4e94-904f-dc74e97e0c76/Free_Poster_Frame_Mockup_1.jpg]
[www.macydyet.com/portfolio/poutama-brand-identity.html]
[www.macydyet.com/portfolio/artist-alley.html]
[images.squarespace-cdn.com/content/v1/65b8934abc2f332b3c970c65/af6508d2-5a02-4718-b129-a2f49829bdba/Screenshot+2025-04-22+at+8.54.22+AM.png]
[www.macydyet.com/portfolio/illustration.html]
[images.squarespace-cdn.com/content/v1/65b8934abc2f332b3c970c65/1708398071361-ZE918SAW841YAKS1WLCD/illustration-carousel.gif]
[www.macydyet.com/portfolio/avery-brand-identity.html]
[images.squarespace-cdn.com/content/v1/65b8934abc2f332b3c970c65/1708389262819-YAUVJJLU5HCIC25FBGFI/ezgif-1-e6cb282cfd.gif]
[www.macydyet.com/portfolio/product-design.html]
[images.squarespace-cdn.com/content/v1/65b8934abc2f332b3c970c65/1708400441794-GH7KVBDGST492XZM1VEX/concept+1.jpg]
[www.macydyet.com/portfolio/ec25.html]
[images.squarespace-cdn.com/content/v1/65b8934abc2f332b3c970c65/55340259-8766-49c3-9afb-ab47fb666bfd/called_globe+v3.png]
[www.macydyet.com/portfolio/life-church.html]
[images.squarespace-cdn.com/content/v1/65b8934abc2f332b3c970c65/1711166061953-QDL4OGIJ78FRWSOLEK5P/september+white+gif.gif]
[www.macydyet.com/portfolio/eris-the-trickster-publication.html]
[images.squarespace-cdn.com/content/v1/65b8934abc2f332b3c970c65/1711164450109-B93VV18ZSOX8MMDYGY1X/trickster+spread.png]
[www.macydyet.com/portfolio/typografika-flyer.html]
[images.squarespace-cdn.com/content/v1/65b8934abc2f332b3c970c65/1708387256903-AZY1OFQRKPRRUKI8Y1RN/Macy+Taylor+Flyer+Design+2023.png]
[www.macydyet.com/portfolio/sam-hunt-type-animation.html]
[images.squarespace-cdn.com/content/v1/65b8934abc2f332b3c970c65/1708388984157-NAGO9SKQIJAFA95S56OE/ezgif-1-82600ea47c.gif]
[www.macydyet.com/portfolio/good-shrt.html]
[images.squarespace-cdn.com/content/v1/65b8934abc2f332b3c970c65/1733985593974-Z3F3E31CRJE6P55BDUO6/Screenshot+2024-05-03+at+12.01.49+PM.png]
[www.macydyet.com/portfolio/tucked-away-brand-identity.html]
[images.squarespace-cdn.com/content/v1/65b8934abc2f332b3c970c65/1708387352827-BBPZG03PV6HEXPTT2O19/Screenshot+2024-01-30+at+8.46.23+PM.png]
[www.macydyet.com/portfolio/animatic.html]
[images.squarespace-cdn.com/content/v1/65b8934abc2f332b3c970c65/1708388023303-O4Z3BAHFIJD56LF9ZET7/Taylor_Macy_Animatic_GRAD501_Group+10_2022+2.gif]
[www.macydyet.com/portfolio/drive-with-jo.html]
[images.squarespace-cdn.com/content/v1/65b8934abc2f332b3c970c65/1711689837933-LH44UR8PNWGHFPVCJJFT/drivewithjologo.png]
[www.macydyet.com/portfolio/wedding-design.html]
[images.squarespace-cdn.com/content/v1/65b8934abc2f332b3c970c65/1708387034426-OMWOPE6A4AUIDDB7C77D/Illustration+2024.png]
[images.squarespace-cdn.com/content/v1/65b8934abc2f332b3c970c65/1733366243282-JDQUQTZ7RJGHM99SNXMM/Bon+vivant+thumbnail.jpg]
[images.squarespace-cdn.com/content/v1/65b8934abc2f332b3c970c65/1708054690988-E0ZMZUTMPPNYXTC1LOD8/Poutama+Logo.png]
[images.squarespace-cdn.com/content/v1/65b8934abc2f332b3c970c65/1721254046186-KUWYV2BVVSICI8AA7JD6/IMG_7489.jpg]
[www.macydyet.com/index.html]
[assets.squarespace.com/universal/images-v6/damask/error-dark.png]
[assets.squarespace.com/universal/images-v6/damask/error-dark@2x.png]
[assets.squarespace.com/universal/images-v6/damask/play-button.png]
[static1.squarespace.com/static/vta/5c5a519771c10ba3470d8101/scripts/site-bundle.d4b934f82fdfba89a1610438d123b69a.js]
[assets.squarespace.com/universal/images-v6/damask/play-button@2x.png]
[assets.squarespace.com/universal/images-v6/damask/edit-aviary-light.png]
[assets.squarespace.com/universal/images-v6/damask/edit-aviary-light@2x.png]
[assets.squarespace.com/universal/images-v6/damask/edit-info-light.png]
[assets.squarespace.com/universal/images-v6/damask/edit-info-light@2x.png]
[assets.squarespace.com/universal/images-v6/damask/trash-9-light.png]
[assets.squarespace.com/universal/images-v6/damask/trash-9-light@2x.png]
[assets.squarespace.com/universal/images-v6/damask/trash-9-red.png]
[assets.squarespace.com/universal/images-v6/damask/trash-9-red@2x.png]
[assets.squarespace.com/universal/images-v6/damask/getty-16-light.png]
[assets.squarespace.com/universal/images-v6/damask/getty-32-light.png]
[assets.squarespace.com/universal/images-v6/damask/shopping-cart-16-light.png]
[assets.squarespace.com/universal/images-v6/damask/shopping-cart-32-light.png]
[assets.squarespace.com/universal/images-v6/icons/block-indicator-dark.png]
[assets.squarespace.com/universal/images-v6/icons/block-indicator-dark@2x.png]
[assets.squarespace.com/universal/images-v6/icons/opentable-icons.png]
[assets.squarespace.com/universal/images-v6/icons/icon-searchqueries-20-dark.png]
[assets.squarespace.com/universal/images-v6/icons/icon-searchqueries-20-light.png]
[assets.squarespace.com/universal/images-v6/icons/icon-video-24-light-solid.png]
[assets.squarespace.com/universal/images-v6/standard/icon_close_7_light.png]
[assets.squarespace.com/universal/images-v6/icons/icon-settings-16-light.png]
[static1.squarespace.com/static/versioned-site-css/65b8934abc2f332b3c970c65/24/5c5a519771c10ba3470d8101/65b8934abc2f332b3c970c6c/1711/site.css]
[static1.squarespace.com/static/vta/5c5a519771c10ba3470d8101/versioned-assets/1765218803633-WH5J0Q4OSYVTLIRSITIO/static.css]
[assets.squarespace.com/universal/scripts-compressed/extract-css-runtime-4a98261b40dbacc4-min.en-US.js]
[www.macydyet.com/cart.html]
[images.squarespace-cdn.com/content/v1/65b8934abc2f332b3c970c65/0f6e5c73-7264-41a3-9bb8-f72d94ed7708/IMG_5168.jpg]
[images.squarespace-cdn.com/content/v1/65b8934abc2f332b3c970c65/26eca07c-d207-4327-95db-a6cbadcf7775/Untitled-3.png]
[images.squarespace-cdn.com/content/v1/65b8934abc2f332b3c970c65/a195e4d5-e6cb-4cec-98e5-846f90054a93/Untitled-2.png]
[images.squarespace-cdn.com/content/v1/65b8934abc2f332b3c970c65/a777f7a2-f056-450d-b56c-acb78c948ace/Untitled-4.png]
[images.squarespace-cdn.com/content/v1/65b8934abc2f332b3c970c65/e5f09a1f-a98a-4238-abfe-eeac39933a1f/Untitled-1.png]
[www.macydyet.com/about.html]
[images.squarespace-cdn.com/content/65b8934abc2f332b3c970c65/1733366243282-JDQUQTZ7RJGHM99SNXMM/Bon+vivant+thumbnail43a3.jpg]
[definitions.sqspcdn.com/website-component-definition/static-assets/website.components.button/918ffe91-48dd-4b9b-beb2-168ed9444d52_172/website.components.button.visitor.js]
[images.squarespace-cdn.com/content/v1/65b8934abc2f332b3c970c65/e17f83ef-5249-4870-ac98-c8ae1e1d4c16/Bon+Vivant+Brand+Bento.jpg]
[images.squarespace-cdn.com/content/v1/65b8934abc2f332b3c970c65/b292b4c7-c6ee-4207-a26d-daa95260dbf7/Bon+Vivant_Macy+Dyet_5.jpg]
[images.squarespace-cdn.com/content/v1/65b8934abc2f332b3c970c65/98d4d2a0-c2f5-459d-b0bb-11ce7797086a/BonVivant_Mockups_Billboard+1.jpg]
[images.squarespace-cdn.com/content/v1/65b8934abc2f332b3c970c65/427aa8b5-06f4-42c7-b391-cb9cb8177e8a/Bon+Vivant_Macy+Dyet.jpg]
[images.squarespace-cdn.com/content/v1/65b8934abc2f332b3c970c65/ae56f41c-feca-4b18-9f92-a93c7425585d/Bon+Vivant_Macy+Dyet_2.jpg]
[images.squarespace-cdn.com/content/v1/65b8934abc2f332b3c970c65/c6ae97e1-5b23-40ec-9da0-7b856bd990ab/Bon+Vivant_Macy+Dyet_3.jpg]
[images.squarespace-cdn.com/content/v1/65b8934abc2f332b3c970c65/9e91372a-1a49-4f8a-b612-031965e486de/Bon+Vivant_Mockups_Web+3.jpg]
[images.squarespace-cdn.com/content/v1/65b8934abc2f332b3c970c65/afe86966-3f4b-4da3-a077-30a09507b2be/Bon+Vivant_Macy+Dyet_6.jpg]
[images.squarespace-cdn.com/content/v1/65b8934abc2f332b3c970c65/a514e365-4c7b-4172-b18c-3a25fc694bab/BonVivant_Mockups_Brand+Guidelines.jpg]
[images.squarespace-cdn.com/content/v1/65b8934abc2f332b3c970c65/de1b82e5-3e2e-4678-a0c8-d41d1ecba7df/Screenshot+2024-10-24+at+2.36.33+PM.png]
[images.squarespace-cdn.com/content/v1/65b8934abc2f332b3c970c65/4174c3f1-927a-4d68-bc65-b537b4460f4e/Screenshot+2024-10-24+at+2.37.14+PM.png]
[images.squarespace-cdn.com/content/v1/65b8934abc2f332b3c970c65/01873709-5368-49e8-8fac-d391bb3ffc3c/IMG_9536+copy.jpg]
[images.squarespace-cdn.com/content/v1/65b8934abc2f332b3c970c65/3efb3aa0-293f-4a6a-8d89-d6339e1ee2ab/Bon+Vivant_Macy+Dyet_4.jpg]
[images.squarespace-cdn.com/content/v1/65b8934abc2f332b3c970c65/479a8e7a-52bf-4b41-a87e-f71f53842694/Screenshot+2024-10-24+at+2.38.41+PM.png]
[images.squarespace-cdn.com/content/v1/65b8934abc2f332b3c970c65/3390cf63-9b61-4019-9376-79b9ab69c346/Screenshot+2024-10-24+at+2.39.59+PM.png]
[images.squarespace-cdn.com/content/v1/65b8934abc2f332b3c970c65/c96732c7-efe5-4d51-bc81-afd5df65b081/BonVivant_Mockup_Tote+2.png]
[images.squarespace-cdn.com/content/v1/65b8934abc2f332b3c970c65/7d5b4045-ef5d-49ab-a798-033557641f15/BonVivant_Mockups_Packaging_2.jpg]
[www.macydyet.com/portfolio/bon-vivant.html]
[images.squarespace-cdn.com/content/65b8934abc2f332b3c970c65/1721254046186-KUWYV2BVVSICI8AA7JD6/IMG_748943a3.jpg]
[images.squarespace-cdn.com/content/v1/65b8934abc2f332b3c970c65/2a0ff74e-f01d-4486-9e44-8e4dc0ca5874/Free_Book_Mockup_4.png]
[images.squarespace-cdn.com/content/v1/65b8934abc2f332b3c970c65/6d94519e-8d86-48f6-8116-989be0eeba7a/GRAD701_Macy+Taylor_Campaign+Pitch_.png]
[images.squarespace-cdn.com/content/v1/65b8934abc2f332b3c970c65/0709723d-d2df-4160-bb9c-61e3a2820d90/GRAD701_Macy+Taylor_Campaign+Pitch_2.png]
[images.squarespace-cdn.com/content/v1/65b8934abc2f332b3c970c65/28587668-9ffd-4679-82dc-73df306201f3/GRAD701_Macy+Taylor_Campaign+Pitch_3.png]
[images.squarespace-cdn.com/content/v1/65b8934abc2f332b3c970c65/a989af24-41e4-4e5c-806e-ca41d2b2846f/Screenshot+2024-12-19+at+9.28.33+AM.png]
[images.squarespace-cdn.com/content/v1/65b8934abc2f332b3c970c65/730f336d-551f-41d1-8a62-5eaf7ac58c7c/GRAD701_Macy+Taylor_Campaign+Pitch_4.png]
[images.squarespace-cdn.com/content/v1/65b8934abc2f332b3c970c65/9e4c346b-f08b-4546-9248-3b0fd85a334e/GRAD701_Macy+Taylor_Campaign+Pitch_5.png]
[images.squarespace-cdn.com/content/v1/65b8934abc2f332b3c970c65/d0136807-d9dc-46ea-801f-b2fce69e8c41/GRAD701_Macy+Taylor_Campaign+Pitch_6.png]
[images.squarespace-cdn.com/content/v1/65b8934abc2f332b3c970c65/78167133-4644-40ea-9bc3-52b5040a4ebe/GRAD701_Macy+Taylor_Campaign+Pitch_7.png]
[images.squarespace-cdn.com/content/v1/65b8934abc2f332b3c970c65/90f3c873-3eed-4c5f-b8e4-558d8f2ae7f9/GRAD701_Macy+Taylor_Campaign+Pitch_8.png]
[images.squarespace-cdn.com/content/v1/65b8934abc2f332b3c970c65/a0c5360b-f7a5-402e-a60a-97fe24d13fe7/GRAD701_Macy+Taylor_Campaign+Pitch_10.png]
[images.squarespace-cdn.com/content/v1/65b8934abc2f332b3c970c65/ef79b825-d6b7-46b8-81f4-28a1180c2074/GRAD701_Macy+Taylor_Campaign+Pitch_12.png]
[images.squarespace-cdn.com/content/v1/65b8934abc2f332b3c970c65/b3cff27a-a200-41b2-aa53-95bbfd4413f0/GRAD701_Macy+Taylor_Campaign+Pitch_9.png]
[images.squarespace-cdn.com/content/v1/65b8934abc2f332b3c970c65/48e206b6-47b5-4232-a609-fd72e744749f/GRAD701_Macy+Taylor_Campaign+Pitch_11.png]
[images.squarespace-cdn.com/content/v1/65b8934abc2f332b3c970c65/12b3a65c-cd80-4f1d-80fb-60b7e3430a41/GRAD701_Macy+Taylor_Campaign+Pitch_13.png]
[images.squarespace-cdn.com/content/v1/65b8934abc2f332b3c970c65/be2e8f87-3364-4735-937c-cd9945ba5a34/GRAD701_Macy+Taylor_Campaign+Pitch_14.png]
[images.squarespace-cdn.com/content/v1/65b8934abc2f332b3c970c65/08d0d23f-4a68-47d9-98f3-4d63d5d22d50/GRAD701_Macy+Taylor_Campaign+Pitch_15.png]
[images.squarespace-cdn.com/content/v1/65b8934abc2f332b3c970c65/3dbeddae-ec43-42d9-a83c-33761a4a8a89/GRAD701_Macy+Taylor_Campaign+Pitch_16.png]
[www.macydyet.com/portfolio/_https_/www.youtube.com/embed/IyhUDc1rIJs.85250f.delayed]
[images.squarespace-cdn.com/content/v1/65b8934abc2f332b3c970c65/4723e74d-b8c4-441c-ba17-c60eafaac919/GRAD701_Macy+Taylor_Campaign+Pitch_17.png]
[images.squarespace-cdn.com/content/v1/65b8934abc2f332b3c970c65/8107bef2-ab54-4972-a9f9-f24d1e6750c5/GRAD701_Macy+Taylor_Campaign+Pitch_18.png]
[images.squarespace-cdn.com/content/v1/65b8934abc2f332b3c970c65/d71f2546-c872-411a-8947-d3c98a8a3847/GRAD701_Macy+Taylor_Campaign+Pitch_19.png]
[images.squarespace-cdn.com/content/v1/65b8934abc2f332b3c970c65/90c755eb-33c9-448c-8cb9-9725be4feec1/GRAD701_Macy+Taylor_Campaign+Pitch_20.png]
[images.squarespace-cdn.com/content/v1/65b8934abc2f332b3c970c65/e257e4f9-bcaa-437a-a0ba-3f257f0e618d/GRAD701_Macy+Taylor_Campaign+Pitch_21.png]
[www.macydyet.com/portfolio/the-breakdown-diary.html]
[images.squarespace-cdn.com/content/65b8934abc2f332b3c970c65/1708054690988-E0ZMZUTMPPNYXTC1LOD8/Poutama+Logo5d45.png]
[images.squarespace-cdn.com/content/v1/65b8934abc2f332b3c970c65/a4608719-4eb0-40e0-8f7b-1cd7fa3bdc73/Poutama_PosterMockup_MacyTaylor.jpg]
[images.squarespace-cdn.com/content/v1/65b8934abc2f332b3c970c65/cccc45b6-e294-4ed9-afc7-ecd0e1cebce4/Poutama+Logo.png]
[images.squarespace-cdn.com/content/v1/65b8934abc2f332b3c970c65/5f4cb060-3149-4b83-8815-f447c804ee01/Screenshot+2024-02-16+at+4.19.50+PM.png]
[images.squarespace-cdn.com/content/v1/65b8934abc2f332b3c970c65/1e6949cd-b09f-4b5e-967b-a16b75fe2468/Apple+Device+Mockups+in+Dark+Mode+Freebie.jpg]
[images.squarespace-cdn.com/content/v1/65b8934abc2f332b3c970c65/55a7ed07-bab2-429b-b978-9a747689fe58/iPhone+iPad+Mockup+Dark+Mode+Freebie2.jpg]
[images.squarespace-cdn.com/content/v1/65b8934abc2f332b3c970c65/d53dc34d-4bca-47e9-9740-de9d6514e751/Story.jpg]
[images.squarespace-cdn.com/content/v1/65b8934abc2f332b3c970c65/4ef49ac8-8b62-4c2a-b1a3-75a7b1740793/Ractangle+Sign+PSD+Mockup.jpg]
[images.squarespace-cdn.com/content/v1/65b8934abc2f332b3c970c65/337d9540-161c-49eb-95ae-cb05d3bee591/Screenshot+2024-02-21+at+1.59.33+PM.png]
[images.squarespace-cdn.com/content/v1/65b8934abc2f332b3c970c65/e9f118d2-4c59-4b54-9856-e5fcac666d20/Free_Poster_Mockup.png]
[images.squarespace-cdn.com/content/v1/65b8934abc2f332b3c970c65/27cb7b79-79a5-424d-9f79-238fd486c214/MOCKUP_BILBOARD_PARIS_01.jpg]
[images.squarespace-cdn.com/content/v1/65b8934abc2f332b3c970c65/c7291a1b-a23e-40e9-a8f2-805458c0aa99/Screenshot+2024-02-21+at+1.59.44+PM.png]
[images.squarespace-cdn.com/content/v1/65b8934abc2f332b3c970c65/3f6ef4f4-cc22-4102-8760-bdb2f82a5043/Screenshot+2024-02-21+at+2.00.08+PM.png]
[images.squarespace-cdn.com/content/v1/65b8934abc2f332b3c970c65/e20ccb7b-2b72-4c19-8596-bfb7d8d3def4/Screenshot+2024-02-21+at+1.57.55+PM.png]
[images.squarespace-cdn.com/content/v1/65b8934abc2f332b3c970c65/d91921eb-131d-4392-9eb8-eda5aa9ec737/Screenshot+2024-02-21+at+2.00.38+PM.png]
[images.squarespace-cdn.com/content/v1/65b8934abc2f332b3c970c65/1588c8fb-97a5-472d-8292-55f7fd909097/Screenshot+2024-02-21+at+2.05.33+PM.png]
[images.squarespace-cdn.com/content/v1/65b8934abc2f332b3c970c65/75303056-c37c-4ca2-a535-e6a747a6037e/Screenshot+2024-02-21+at+2.04.22+PM.png]
[images.squarespace-cdn.com/content/v1/65b8934abc2f332b3c970c65/a746e835-229e-40e5-bae1-4811ad090251/Screenshot+2024-02-21+at+1.59.57+PM.png]
[images.squarespace-cdn.com/content/v1/65b8934abc2f332b3c970c65/ad45db93-a33a-429d-b097-ad9929a244ac/Screenshot+2024-02-21+at+2.06.20+PM.png]
[images.squarespace-cdn.com/content/v1/65b8934abc2f332b3c970c65/58965f0e-d6e9-4106-9064-c7220c9bc011/Screenshot+2024-02-21+at+2.06.15+PM.png]
[images.squarespace-cdn.com/content/v1/65b8934abc2f332b3c970c65/cd35a614-b5ae-4a32-8087-0313c89de783/Screenshot+2024-02-21+at+2.08.55+PM.png]
[images.squarespace-cdn.com/content/v1/65b8934abc2f332b3c970c65/222c5d6a-8b85-4e16-92ff-1872b5891f5c/Screenshot+2024-02-21+at+2.09.02+PM.png]
[www.macydyet.com/_/cdn.embedly.com/widgets/media.a21674.delayed]
[www.macydyet.com/portfolio/poutama-brand-identity.html]
[images.squarespace-cdn.com/content/65b8934abc2f332b3c970c65/af6508d2-5a02-4718-b129-a2f49829bdba/Screenshot+2025-04-22+at+8.54.22+AM5d45.png]
[images.squarespace-cdn.com/content/v1/65b8934abc2f332b3c970c65/1754353374333-CQ5YD943AOU3UXA1OCQK/image-asset.jpg]
[images.squarespace-cdn.com/content/v1/65b8934abc2f332b3c970c65/1754058986865-J1SQQXY6046BPCI6ZYL0/image-asset.jpg]
[images.squarespace-cdn.com/content/v1/65b8934abc2f332b3c970c65/1753774634121-IB7R2YONCCRAXHYZBJYU/image-asset.jpg]
[www.macydyet.com/portfolio/_https_/www.instagram.com/reel/DMo19U7TG1b/embed/___/iframe__.a8.delayed]
[www.macydyet.com/portfolio/_https_/www.instagram.com/reel/DMPotYCTi0v/embed/___/iframe__.a9.delayed]
[images.squarespace-cdn.com/content/v1/65b8934abc2f332b3c970c65/1751930138219-MQJZ2YVKQTPETQRM1RGX/image-asset.jpg]
[images.squarespace-cdn.com/content/v1/65b8934abc2f332b3c970c65/1750200738912-6BYZ8DEUPND4EJBTDBU8/image-asset.jpg]
[www.macydyet.com/portfolio/_https_/www.instagram.com/reel/DKoOf4jTFzF/embed/___/iframe__.ac.delayed]
[images.squarespace-cdn.com/content/v1/65b8934abc2f332b3c970c65/1748687175882-PTOQ9DMVVAB6C19NM14R/image-asset.jpg]
[images.squarespace-cdn.com/content/v1/65b8934abc2f332b3c970c65/1747909633143-DYRXDSR48KA80OLMM0IU/image-asset.jpg]
[www.macydyet.com/portfolio/_https_/www.instagram.com/reel/DJ5VFEKz7av/embed/___/iframe__.af.delayed]
[images.squarespace-cdn.com/content/v1/65b8934abc2f332b3c970c65/1747104275409-MAH425J43EF7RBAP2WFC/image-asset.jpg]
[images.squarespace-cdn.com/content/v1/65b8934abc2f332b3c970c65/1746684235832-PMIIC8FLYPYVDFHB9HQN/image-asset.jpg]
[images.squarespace-cdn.com/content/v1/65b8934abc2f332b3c970c65/1746074932518-WUL00TXBGWWAVHYHNECA/image-asset.jpg]
[images.squarespace-cdn.com/content/v1/65b8934abc2f332b3c970c65/1745983658908-2PHXK4S97KHNL3ZRTS8K/image-asset.jpg]
[images.squarespace-cdn.com/content/v1/65b8934abc2f332b3c970c65/1745983659564-U8ICW840V6YFMEHHD6G1/image-asset.jpg]
[images.squarespace-cdn.com/content/v1/65b8934abc2f332b3c970c65/1745983660279-POOXAF0KD7XOT1IWP1I7/image-asset.jpg]
[images.squarespace-cdn.com/content/v1/65b8934abc2f332b3c970c65/1745983660984-URYDSEOEHZF5BH61IOS0/image-asset.jpg]
[images.squarespace-cdn.com/content/v1/65b8934abc2f332b3c970c65/1745983661661-24CWLVUVK8MA3CIYDXII/image-asset.jpg]
[images.squarespace-cdn.com/content/v1/65b8934abc2f332b3c970c65/1745983662327-YN1BV36M8WFFXDUBCUEM/image-asset.jpg]
[images.squarespace-cdn.com/content/v1/65b8934abc2f332b3c970c65/f31b8519-c776-48b7-af3a-3a321112e1f7/Gondor.jpg]
[images.squarespace-cdn.com/content/v1/65b8934abc2f332b3c970c65/d9d18ea9-55fc-448e-a699-475c953cddda/Mordor.jpg]
[images.squarespace-cdn.com/content/v1/65b8934abc2f332b3c970c65/fb9e61fb-4c2c-4771-9c1b-e1b6e7c3f792/YN_Night.jpg]
[images.squarespace-cdn.com/content/v1/65b8934abc2f332b3c970c65/40d72876-ff4c-4ad7-8ee1-70a0c881601d/YN_crater.jpg]
[images.squarespace-cdn.com/content/v1/65b8934abc2f332b3c970c65/8d0dde09-bf84-4dbc-bb57-94e1a13f9c29/Demon+Slayer.jpg]
[images.squarespace-cdn.com/content/v1/65b8934abc2f332b3c970c65/205372c9-903b-4943-a33f-9743b60e02e0/Angel+Beats.jpg]
[images.squarespace-cdn.com/content/v1/65b8934abc2f332b3c970c65/20f2729c-e2bd-4cb0-949c-63552f354388/Pink+Jinx.jpg]
[images.squarespace-cdn.com/content/v1/65b8934abc2f332b3c970c65/76574300-2b3d-4da3-ab7a-11f0fe55a76a/Overload2025.png]
[www.macydyet.com/portfolio/artist-alley.html]
[images.squarespace-cdn.com/content/65b8934abc2f332b3c970c65/1708398071361-ZE918SAW841YAKS1WLCD/illustration-carousel6ab8.gif]
[images.squarespace-cdn.com/content/v1/65b8934abc2f332b3c970c65/8c068635-c80b-4c5e-842d-5c886343c2e1/IMG_6949.png]
[images.squarespace-cdn.com/content/v1/65b8934abc2f332b3c970c65/5b6f3e68-ff2b-4329-9342-499064290f42/for+dad+copy.png]
[images.squarespace-cdn.com/content/v1/65b8934abc2f332b3c970c65/848d10c6-44bd-483a-9210-2bda4802cac8/Untitled_Artwork.jpg]
[images.squarespace-cdn.com/content/v1/65b8934abc2f332b3c970c65/c80537f3-c366-4d87-bc66-89c30670bb39/Screenshot+2024-01-30+at+9.00.05+PM.png]
[images.squarespace-cdn.com/content/v1/65b8934abc2f332b3c970c65/93c421e3-1baf-45a0-86d1-eef0d6bd3b9c/Screenshot+2024-04-08+at+12.05.13+AM.png]
[images.squarespace-cdn.com/content/v1/65b8934abc2f332b3c970c65/c44cf932-67b8-45f7-a635-c55b2bfd1c09/Illustration+2024.png]
[images.squarespace-cdn.com/content/v1/65b8934abc2f332b3c970c65/46af6a27-8dd3-4f04-b5cb-5186f434e400/IMG_3301.jpg]
[images.squarespace-cdn.com/content/v1/65b8934abc2f332b3c970c65/2d2bdaf2-1c53-43b4-9c2c-26392822ea86/TwitchEmotePage.png]
[images.squarespace-cdn.com/content/v1/65b8934abc2f332b3c970c65/6a01bab9-5cc3-480b-aa2d-d928d16c03d3/IMG_0245.jpg]
[images.squarespace-cdn.com/content/v1/65b8934abc2f332b3c970c65/1708386479634-GGFME4ETF90L5DN6RNQZ/IMG_3290.jpg]
[images.squarespace-cdn.com/content/v1/65b8934abc2f332b3c970c65/1708386510313-TGCUJIFW81J8YIMKQ7I8/IMG_0146.jpg]
[images.squarespace-cdn.com/content/v1/65b8934abc2f332b3c970c65/2e34f962-886c-4e5a-b19f-fff4d171d461/Screenshot+2024-02-20+at+12.41.08+PM.png]
[www.macydyet.com/portfolio/illustration.html]
[images.squarespace-cdn.com/content/65b8934abc2f332b3c970c65/1708389262819-YAUVJJLU5HCIC25FBGFI/ezgif-1-e6cb282cfd6ab8.gif]
[images.squarespace-cdn.com/content/v1/65b8934abc2f332b3c970c65/cb6a0a8e-051f-4367-aaab-49a63a54e12d/Screenshot+2024-02-20+at+12.53.48+PM.png]
[images.squarespace-cdn.com/content/v1/65b8934abc2f332b3c970c65/ca084be2-8cf2-444e-aea3-3f645cd3e3a9/Screenshot+2024-02-20+at+5.36.57+PM.png]
[images.squarespace-cdn.com/content/v1/65b8934abc2f332b3c970c65/c7417d39-e9e1-461a-965c-5ca95b834626/Screenshot+2024-02-20+at+5.35.57+PM.png]
[images.squarespace-cdn.com/content/v1/65b8934abc2f332b3c970c65/5059bf39-9ed7-47b5-87b9-6bb6fbf902bd/Screenshot+2024-02-20+at+5.37.12+PM.png]
[images.squarespace-cdn.com/content/v1/65b8934abc2f332b3c970c65/d92b7ae8-ee3e-4371-b164-336cb175da7d/Screenshot+2024-02-20+at+5.36.38+PM.png]
[images.squarespace-cdn.com/content/v1/65b8934abc2f332b3c970c65/780f34b1-27ba-4d61-b1f8-93d73ff8b876/Screenshot+2024-02-20+at+5.35.25+PM.png]
[images.squarespace-cdn.com/content/v1/65b8934abc2f332b3c970c65/efb63106-2e6e-4c8d-9116-67871cd64aed/ezgif-1-e6cb282cfd.gif]
[www.macydyet.com/portfolio/avery-brand-identity.html]
[images.squarespace-cdn.com/content/65b8934abc2f332b3c970c65/1708400441794-GH7KVBDGST492XZM1VEX/concept+143a3.jpg]
[images.squarespace-cdn.com/content/v1/65b8934abc2f332b3c970c65/0518be71-ff29-4eab-b2d6-765dfcd54edc/concept+1.jpg]
[images.squarespace-cdn.com/content/v1/65b8934abc2f332b3c970c65/2b21985e-dfa3-4a8f-be35-1e1abb94b352/Screenshot+2024-02-20+at+4.43.29+PM.png]
[www.macydyet.com/portfolio/product-design.html]
[images.squarespace-cdn.com/content/65b8934abc2f332b3c970c65/55340259-8766-49c3-9afb-ab47fb666bfd/called_globe+v32acd.png]
[images.squarespace-cdn.com/content/v1/65b8934abc2f332b3c970c65/8071cd94-d4a1-433e-b828-4e774f72e7a7/FriPM+Merch+Promo.png]
[images.squarespace-cdn.com/content/v1/65b8934abc2f332b3c970c65/b1599780-1b55-4e59-863f-f2a19136c8ea/ABV00222.png]
[images.squarespace-cdn.com/content/v1/65b8934abc2f332b3c970c65/9754c1a9-b571-4c0c-aae9-173dbaae57ad/DSC08298.jpg]
[images.squarespace-cdn.com/content/v1/65b8934abc2f332b3c970c65/ec39a792-f291-4494-a92b-0a38023cde54/ABV01756.jpg]
[images.squarespace-cdn.com/content/v1/65b8934abc2f332b3c970c65/93957180-fa3c-4829-af4a-44ed8583d20d/Copy+of+SESSION+ONE-25.jpg]
[images.squarespace-cdn.com/content/v1/65b8934abc2f332b3c970c65/f95b638f-dd60-4313-8bcc-89ac208bf16d/ABV01060.jpg]
[images.squarespace-cdn.com/content/v1/65b8934abc2f332b3c970c65/e61e5a1c-736d-43f2-8324-ecd93707844d/JD-08019.jpg]
[images.squarespace-cdn.com/content/v1/65b8934abc2f332b3c970c65/5628c6f3-80f5-4892-a705-6cbd1cd54ed3/ABV00650.png]
[images.squarespace-cdn.com/content/v1/65b8934abc2f332b3c970c65/d1dd2652-f207-450d-aad7-68d1a1168dff/JD-09811.jpg]
[www.macydyet.com/portfolio/ec25.html]
[images.squarespace-cdn.com/content/65b8934abc2f332b3c970c65/1711166061953-QDL4OGIJ78FRWSOLEK5P/september+white+gif6ab8.gif]
[images.squarespace-cdn.com/content/v1/65b8934abc2f332b3c970c65/da243c2c-1daf-4a44-bb62-e5d7fb3ca994/september+white+gif.gif]
[images.squarespace-cdn.com/content/v1/65b8934abc2f332b3c970c65/39cb655b-5e58-4273-8ebb-d4956133e82a/Screenshot+2024-02-20+at+5.23.34+PM.png]
[images.squarespace-cdn.com/content/v1/65b8934abc2f332b3c970c65/6bd9e67a-0bea-4c48-a2e4-60b16115dd7f/Screenshot+2024-02-20+at+5.26.09+PM.png]
[images.squarespace-cdn.com/content/v1/65b8934abc2f332b3c970c65/4d562739-13a5-464f-a61c-f0b348b6a6f6/Screenshot+2024-02-20+at+5.00.04+PM.png]
[images.squarespace-cdn.com/content/v1/65b8934abc2f332b3c970c65/dd37dd33-258e-4cf4-99de-fa79502bc71c/Screenshot+2024-02-20+at+5.22.46+PM.png]
[images.squarespace-cdn.com/content/v1/65b8934abc2f332b3c970c65/ea3d4418-5845-4508-8366-7f891d88bda5/Screenshot+2024-02-20+at+5.27.47+PM.png]
[images.squarespace-cdn.com/content/v1/65b8934abc2f332b3c970c65/85691e76-402d-4343-aae7-da6aeb1fcb74/Screenshot+2024-02-20+at+5.27.57+PM.png]
[www.macydyet.com/portfolio/life-church.html]
[images.squarespace-cdn.com/content/65b8934abc2f332b3c970c65/1711164450109-B93VV18ZSOX8MMDYGY1X/trickster+spread2acd.png]
[images.squarespace-cdn.com/content/v1/65b8934abc2f332b3c970c65/15743c31-ca54-4897-8dde-e4d60a9db705/trickster+posters.png]
[images.squarespace-cdn.com/content/v1/65b8934abc2f332b3c970c65/69245fb0-4e75-412c-a15c-794a55f35c57/trickster+spread.png]
[images.squarespace-cdn.com/content/v1/65b8934abc2f332b3c970c65/c02b6177-3484-4020-897e-52ce94a9e9e0/Screenshot+2023-08-09+at+9.22.32+PM.png]
[images.squarespace-cdn.com/content/v1/65b8934abc2f332b3c970c65/f6a7be77-612e-4ea3-965e-1cf82203f74e/Screenshot+2023-08-09+at+9.23.15+PM.png]
[www.macydyet.com/_/cdn.embedly.com/widgets/media.f694e2.delayed]
[images.squarespace-cdn.com/content/v1/65b8934abc2f332b3c970c65/31fc2c1e-843a-4714-a148-87c95b8e68c1/Screenshot+2023-08-09+at+9.06.54+PM.png]
[images.squarespace-cdn.com/content/v1/65b8934abc2f332b3c970c65/182396e1-45bd-473c-b3df-b121051010a5/Screenshot+2023-08-09+at+9.06.58+PM.png]
[images.squarespace-cdn.com/content/v1/65b8934abc2f332b3c970c65/ae853add-0091-48c4-88a2-b9a4f483c61a/Screenshot+2023-08-09+at+9.07.02+PM.png]
[www.macydyet.com/portfolio/eris-the-trickster-publication.html]
[images.squarespace-cdn.com/content/65b8934abc2f332b3c970c65/1708387256903-AZY1OFQRKPRRUKI8Y1RN/Macy+Taylor+Flyer+Design+20232acd.png]
[images.squarespace-cdn.com/content/v1/65b8934abc2f332b3c970c65/f4b0b0b9-c3a2-4082-9a93-b0409d0eba80/Screenshot+2023-08-09+at+9.36.31+PM.png]
[images.squarespace-cdn.com/content/v1/65b8934abc2f332b3c970c65/09cbd08c-7eb2-4d72-9036-ec8c3df5921c/Macy+Taylor+Flyer+Design+2023.png]
[images.squarespace-cdn.com/content/v1/65b8934abc2f332b3c970c65/ee549f3d-3fbd-4ddd-abd9-6242a2801b5f/Screenshot+2023-08-09+at+9.36.27+PM.png]
[images.squarespace-cdn.com/content/v1/65b8934abc2f332b3c970c65/59e72241-54ec-4b3b-b257-6b1212d5e74e/typograpfika_postermockup.png]
[www.macydyet.com/portfolio/typografika-flyer.html]
[images.squarespace-cdn.com/content/65b8934abc2f332b3c970c65/1708388984157-NAGO9SKQIJAFA95S56OE/ezgif-1-82600ea47c6ab8.gif]
[www.macydyet.com/portfolio/sam-hunt-type-animation.html]
[images.squarespace-cdn.com/content/65b8934abc2f332b3c970c65/1733985593974-Z3F3E31CRJE6P55BDUO6/Screenshot+2024-05-03+at+12.01.49+PM5d45.png]
[images.squarespace-cdn.com/content/v1/65b8934abc2f332b3c970c65/531859f9-f4a3-432b-9841-a2eae8c13d0b/Screenshot+2024-12-12+at+7.50.57+PM.png]
[images.squarespace-cdn.com/content/v1/65b8934abc2f332b3c970c65/aa2a609a-56ca-44e9-9c7a-845855e5fb31/Screenshot+2024-12-12+at+7.50.45+PM.png]
[images.squarespace-cdn.com/content/v1/65b8934abc2f332b3c970c65/7a6c3e3c-a8fe-4cde-b7db-80a73285a3b9/Screenshot+2024-12-12+at+7.51.02+PM.png]
[images.squarespace-cdn.com/content/v1/65b8934abc2f332b3c970c65/7e96cddf-4d22-4076-a5f4-cfd6e0bab080/Screenshot+2024-12-12+at+7.50.49+PM.png]
[images.squarespace-cdn.com/content/v1/65b8934abc2f332b3c970c65/3e63f2c9-ae00-43e1-9b35-7c742fd1c4f6/Screenshot+2024-12-12+at+7.51.12+PM.png]
[images.squarespace-cdn.com/content/v1/65b8934abc2f332b3c970c65/60963898-f4dd-45b9-9a7b-f14b38a2957c/Screenshot+2024-12-12+at+7.53.12+PM.png]
[images.squarespace-cdn.com/content/v1/65b8934abc2f332b3c970c65/894cffa0-882e-42be-b77d-e16db99d91b7/Screenshot+2024-12-12+at+7.52.32+PM.png]
[images.squarespace-cdn.com/content/v1/65b8934abc2f332b3c970c65/b0f1d2f0-d821-4c99-8125-d501a4f7ed0d/Screenshot+2024-12-12+at+7.53.51+PM.png]
[images.squarespace-cdn.com/content/v1/65b8934abc2f332b3c970c65/adaad49d-145c-4aab-a8a9-218006dfdfbc/Screenshot+2024-12-12+at+7.52.48+PM.png]
[images.squarespace-cdn.com/content/v1/65b8934abc2f332b3c970c65/76f08c46-d651-4ce3-8fc1-c1ee2863cdaf/Screenshot+2024-05-17+at+11.40.49+AM+copy.png]
[www.macydyet.com/portfolio/good-shrt.html]
[images.squarespace-cdn.com/content/65b8934abc2f332b3c970c65/1708387352827-BBPZG03PV6HEXPTT2O19/Screenshot+2024-01-30+at+8.46.23+PM2acd.png]
[images.squarespace-cdn.com/content/v1/65b8934abc2f332b3c970c65/7816949f-5b84-4592-a4e7-e6fea1131fc5/tucked+away+logo.png]
[images.squarespace-cdn.com/content/v1/65b8934abc2f332b3c970c65/9d80dc6a-cd87-4dca-ad1e-e780fe9c046c/Screenshot+2024-02-22+at+12.14.28+AM.png]
[images.squarespace-cdn.com/content/v1/65b8934abc2f332b3c970c65/394ce628-91b7-4359-8932-885a29f5e076/Screenshot+2024-02-22+at+12.19.29+AM.png]
[www.macydyet.com/portfolio/tucked-away-brand-identity.html]
[images.squarespace-cdn.com/content/65b8934abc2f332b3c970c65/1708388023303-O4Z3BAHFIJD56LF9ZET7/Taylor_Macy_Animatic_GRAD501_Group+10_2022+26ab8.gif]
[images.squarespace-cdn.com/content/v1/65b8934abc2f332b3c970c65/a41afe70-11de-4e9d-bbb4-faefdb2a6b1a/Taylor_Macy_Animatic_GRAD501_Group+10_2022+4.gif]
[images.squarespace-cdn.com/content/v1/65b8934abc2f332b3c970c65/b0c50a58-79da-45ba-a9ad-7d4fdf95571a/Screenshot+2024-02-21+at+6.29.56+PM.png]
[www.macydyet.com/portfolio/animatic.html]
[images.squarespace-cdn.com/content/65b8934abc2f332b3c970c65/1711689837933-LH44UR8PNWGHFPVCJJFT/drivewithjologo5d45.png]
[images.squarespace-cdn.com/content/v1/65b8934abc2f332b3c970c65/61e5555d-fe8b-4f1d-8c04-065f97f7c6db/drivewithjologo.png]
[images.squarespace-cdn.com/content/v1/65b8934abc2f332b3c970c65/4f6e1143-7cf5-4578-889b-d5ba8984bb6f/drivewithjo1.png]
[images.squarespace-cdn.com/content/v1/65b8934abc2f332b3c970c65/842ea5bd-d5f1-4699-9b9c-740aed8a14db/drivewithjo2.png]
[www.macydyet.com/portfolio/drive-with-jo.html]
[images.squarespace-cdn.com/content/65b8934abc2f332b3c970c65/1708387034426-OMWOPE6A4AUIDDB7C77D/Illustration+20242acd.png]
[images.squarespace-cdn.com/content/v1/65b8934abc2f332b3c970c65/2650effb-0fc0-4d4a-b4d6-0b4adccde2b9/Screenshot+2024-02-20+at+3.38.10+PM.png]
[images.squarespace-cdn.com/content/v1/65b8934abc2f332b3c970c65/2bb758b7-7d96-46eb-bbe8-5c2bf43a0bdb/Screenshot+2024-02-20+at+3.38.03+PM.png]
[images.squarespace-cdn.com/content/v1/65b8934abc2f332b3c970c65/65317622-83ad-4983-8f82-eb25bbb03815/IMG_5968.jpg]
[images.squarespace-cdn.com/content/v1/65b8934abc2f332b3c970c65/a7b42107-e6a1-48d2-8ea2-541565f7a80a/invites.jpg]
[images.squarespace-cdn.com/content/v1/65b8934abc2f332b3c970c65/652b3163-2a06-4c22-bd21-9c211f18d79a/Macy+&+Jamie's+Save+the+Date.jpg]
[images.squarespace-cdn.com/content/v1/65b8934abc2f332b3c970c65/8a783908-51d6-46dd-abe4-8bf57cfa39db/0H5A6768.jpg]
[images.squarespace-cdn.com/content/v1/65b8934abc2f332b3c970c65/2a428151-5887-42f4-9e1e-7044b1a835ed/0H5A6446.jpg]
[images.squarespace-cdn.com/content/v1/65b8934abc2f332b3c970c65/26a4356c-b678-49ec-8090-5cf1e25b3b38/Screenshot+2024-02-20+at+3.18.28+PM.png]
[images.squarespace-cdn.com/content/v1/65b8934abc2f332b3c970c65/e1b2f118-c0a9-4588-8479-3ac0580c66e9/0H5A6440.jpg]
[www.macydyet.com/portfolio/wedding-design.html]
[definitions.sqspcdn.com/website-component-definition/static-assets/website.components.button/918ffe91-48dd-4b9b-beb2-168ed9444d52_172/website.components.button.styles.css]
[www.macydyet.com/_https_/www.youtube.com/embed/IyhUDc1rIJs6b6f.html]
[www.macydyet.com/portfolio/_https_/www.youtube.com/embed/IyhUDc1rIJs250f.html]
[www.macydyet.com/_/cdn.embedly.com/widgets/media1674.html]
[www.macydyet.com/portfolio/_https_/www.instagram.com/reel/DMo19U7TG1b/embed/___/iframe__.html]
[www.macydyet.com/portfolio/_https_/www.instagram.com/reel/DMPotYCTi0v/embed/___/iframe__.html]
[www.macydyet.com/portfolio/_https_/www.instagram.com/reel/DKoOf4jTFzF/embed/___/iframe__.html]
[www.macydyet.com/portfolio/_https_/www.instagram.com/reel/DJ5VFEKz7av/embed/___/iframe__.html]
[www.macydyet.com/_/cdn.embedly.com/widgets/media94e2.html]
